\BOOKMARK [0][-]{chapter.1}{Introduction \340 la physique des r\351acteurs}{}% 1
\BOOKMARK [1][-]{section.1.1}{Du processus de fission au caract\351ristiques d'un r\351acteur}{chapter.1}% 2
\BOOKMARK [2][-]{subsection.1.1.1}{Carburant nucl\351aire}{section.1.1}% 3
\BOOKMARK [2][-]{subsection.1.1.2}{Interaction neutrons - noyaux lourds}{section.1.1}% 4
\BOOKMARK [2][-]{subsection.1.1.3}{Cycle neutronique et criticit\351}{section.1.1}% 5
\BOOKMARK [1][-]{section.1.2}{Profil de section efficaces}{chapter.1}% 6
\BOOKMARK [2][-]{subsection.1.2.1}{M\351canismes d'interactions}{section.1.2}% 7
\BOOKMARK [2][-]{subsection.1.2.2}{Sections efficaces associ\351es}{section.1.2}% 8
\BOOKMARK [1][-]{section.1.3}{Fission nucl\351aire}{chapter.1}% 9
\BOOKMARK [2][-]{subsection.1.3.1}{Description}{section.1.3}% 10
\BOOKMARK [2][-]{subsection.1.3.2}{Neutrons retard\351s}{section.1.3}% 11
\BOOKMARK [0][-]{chapter.2}{Introduction \340 la physique des r\351acteurs}{}% 12
\BOOKMARK [1][-]{section.2.1}{Introduction aux concepts}{chapter.2}% 13
\BOOKMARK [2][-]{subsection.2.1.1}{Hypoth\350ses}{section.2.1}% 14
\BOOKMARK [2][-]{subsection.2.1.2}{Densit\351 de neutrons, flux et courant}{section.2.1}% 15
\BOOKMARK [2][-]{subsection.2.1.3}{Taux de r\351action}{section.2.1}% 16
\BOOKMARK [2][-]{subsection.2.1.4}{Fluence, puissance et burnup}{section.2.1}% 17
\BOOKMARK [1][-]{section.2.2}{\311quation de transport}{chapter.2}% 18
\BOOKMARK [2][-]{subsection.2.2.1}{Bilan neutronique}{section.2.2}% 19
\BOOKMARK [2][-]{subsection.2.2.2}{\311quation de Boltzmann \(ou de transport\)}{section.2.2}% 20
\BOOKMARK [2][-]{subsection.2.2.3}{Continuit\351 et conditions limites}{section.2.2}% 21
\BOOKMARK [2][-]{subsection.2.2.4}{Formes int\351grales}{section.2.2}% 22
\BOOKMARK [1][-]{section.2.3}{Solutions formelles via les s\351ries de Neumann}{chapter.2}% 23
\BOOKMARK [0][-]{chapter.3}{Approximation de l'\351quation de diffusion}{}% 24
\BOOKMARK [1][-]{section.3.1}{\311quation de Boltzmann monocin\351tique}{chapter.3}% 25
\BOOKMARK [2][-]{subsection.3.1.1}{\311quation de transport monocin\351tique}{section.3.1}% 26
\BOOKMARK [2][-]{subsection.3.1.2}{Forme int\351grale}{section.3.1}% 27
\BOOKMARK [2][-]{subsection.3.1.3}{Th\351or\350me de r\351ciprocit\351 et th\351or\350me}{section.3.1}% 28
\BOOKMARK [1][-]{section.3.2}{Approximation de la diffusion}{chapter.3}% 29
\BOOKMARK [2][-]{subsection.3.2.1}{\311quation de continuit\351}{section.3.2}% 30
\BOOKMARK [2][-]{subsection.3.2.2}{\311quation de diffusion}{section.3.2}% 31
\BOOKMARK [2][-]{subsection.3.2.3}{Conditions aux limites}{section.3.2}% 32
\BOOKMARK [2][-]{subsection.3.2.4}{Conditions de validit\351s}{section.3.2}% 33
\BOOKMARK [2][-]{subsection.3.2.5}{Approximation P1 \340 une vitesse de diffusion}{section.3.2}% 34
\BOOKMARK [2][-]{subsection.3.2.6}{Solution de l'\351quation de diffusion monocin\351tique \(sans fission\)}{section.3.2}% 35
\BOOKMARK [1][-]{section.3.3}{Approximation multi-groupe}{chapter.3}% 36
\BOOKMARK [2][-]{subsection.3.3.1}{Groupe d'\351nergie}{section.3.3}% 37
\BOOKMARK [1][-]{section.3.4}{M\351thode de probabilit\351 de premi\350re collision}{chapter.3}% 38
\BOOKMARK [1][-]{section.3.5}{Impl\351mentation de la m\351thode de probabilit\351 de premi\350re collision}{chapter.3}% 39
\BOOKMARK [0][-]{chapter.4}{Calcul de criticit\351 en th\351orie de la diffusion}{}% 40
\BOOKMARK [1][-]{section.4.1}{Criticit\351}{chapter.4}% 41
\BOOKMARK [2][-]{subsection.4.1.1}{Diffusion monocin\351tique}{section.4.1}% 42
\BOOKMARK [2][-]{subsection.4.1.2}{Noyaux de mod\351ration}{section.4.1}% 43
\BOOKMARK [1][-]{section.4.2}{R\351flecteurs}{chapter.4}% 44
\BOOKMARK [2][-]{subsection.4.2.1}{Introduction}{section.4.2}% 45
\BOOKMARK [2][-]{subsection.4.2.2}{Sauvetage r\351flectif}{section.4.2}% 46
\BOOKMARK [2][-]{subsection.4.2.3}{Mod\350le \340 deux groupes}{section.4.2}% 47
\BOOKMARK [0][-]{chapter.5}{Cin\351tique du r\351acteur ponctuel}{}% 48
\BOOKMARK [1][-]{section.5.1}{\311quation de cin\351tique ponctuelle}{chapter.5}% 49
\BOOKMARK [2][-]{subsection.5.1.1}{Introduction}{section.5.1}% 50
\BOOKMARK [2][-]{subsection.5.1.2}{D\351duction intuitive des \351quations ponctuelles}{section.5.1}% 51
\BOOKMARK [2][-]{subsection.5.1.3}{Mod\350le du r\351acteur ponctuel}{section.5.1}% 52
\BOOKMARK [2][-]{subsection.5.1.4}{Solution des \351quations cin\351tiques ponctuelles pour une marche de r\351activit\351}{section.5.1}% 53
\BOOKMARK [1][-]{section.5.2}{Solutions approxim\351es pour une r\351activit\351 d\351pendante du temps}{chapter.5}% 54
\BOOKMARK [2][-]{subsection.5.2.1}{\311nonc\351 du probl\350me}{section.5.2}% 55
\BOOKMARK [2][-]{subsection.5.2.2}{Approximation du saut prompt}{section.5.2}% 56
\BOOKMARK [2][-]{subsection.5.2.3}{Approximation prompt}{section.5.2}% 57
\BOOKMARK [0][-]{chapter.6}{Contre r\351activit\351 et contr\364le de r\351acteur}{}% 58
\BOOKMARK [1][-]{section.6.1}{Contre de r\351activit\351}{chapter.6}% 59
\BOOKMARK [2][-]{subsection.6.1.1}{Op\351ration et contr\364le}{section.6.1}% 60
\BOOKMARK [2][-]{subsection.6.1.2}{Introduction \340 la th\351orie des perturbations}{section.6.1}% 61
\BOOKMARK [2][-]{subsection.6.1.3}{Importance neutronique}{section.6.1}% 62
\BOOKMARK [1][-]{section.6.2}{Coefficient de r\351activit\351}{chapter.6}% 63
\BOOKMARK [2][-]{subsection.6.2.1}{D\351finition}{section.6.2}% 64
\BOOKMARK [1][-]{section.6.3}{Contr\364le de r\351activit\351 \340 long terme}{chapter.6}% 65
\BOOKMARK [2][-]{subsection.6.3.1}{Contexte}{section.6.3}% 66
\BOOKMARK [2][-]{subsection.6.3.2}{\311volution de la concentration en isotope}{section.6.3}% 67
\BOOKMARK [1][-]{section.6.4}{Effet du x\351non}{chapter.6}% 68
\BOOKMARK [2][-]{subsection.6.4.1}{Empoisonnement au x\351non}{section.6.4}% 69
\BOOKMARK [2][-]{subsection.6.4.2}{Oscillations dues aux x\351non}{section.6.4}% 70
\BOOKMARK [1][-]{section.6.5}{Moyens pour assurer le contr\364le}{chapter.6}% 71
\BOOKMARK [2][-]{subsection.6.5.1}{Moyens externes}{section.6.5}% 72
\BOOKMARK [2][-]{subsection.6.5.2}{\311volution de la r\351activit\351}{section.6.5}% 73
\BOOKMARK [0][-]{chapter.7}{Ralentissements des neutrons}{}% 74
\BOOKMARK [1][-]{section.7.1}{Introduction}{chapter.7}% 75
\BOOKMARK [1][-]{section.7.2}{Ralentissement via scattering in\351lastique}{chapter.7}% 76
\BOOKMARK [2][-]{subsection.7.2.1}{Cin\351matique}{section.7.2}% 77
\BOOKMARK [2][-]{subsection.7.2.2}{Loi de scattering}{section.7.2}% 78
\BOOKMARK [2][-]{subsection.7.2.3}{Lethargie}{section.7.2}% 79
\BOOKMARK [2][-]{subsection.7.2.4}{Section efficace diff\351rentielle}{section.7.2}% 80
\BOOKMARK [1][-]{section.7.3}{\311quation de ralentissement}{chapter.7}% 81
\BOOKMARK [2][-]{subsection.7.3.1}{Approximation P1}{section.7.3}% 82
\BOOKMARK [2][-]{subsection.7.3.2}{Densit\351 de ralentissement}{section.7.3}% 83
\BOOKMARK [2][-]{subsection.7.3.3}{Mat\351riau homog\350ne infini}{section.7.3}% 84
\BOOKMARK [1][-]{section.7.4}{Ralentissement dans l'hydrog\350ne}{chapter.7}% 85
\BOOKMARK [2][-]{subsection.7.4.1}{Hypoth\350ses}{section.7.4}% 86
\BOOKMARK [2][-]{subsection.7.4.2}{Forme de flux}{section.7.4}% 87
\BOOKMARK [2][-]{subsection.7.4.3}{Forme de la densit\351 de ralentissement}{section.7.4}% 88
\BOOKMARK [1][-]{section.7.5}{Autres mod\351rateurs}{chapter.7}% 89
\BOOKMARK [2][-]{subsection.7.5.1}{Fonction de Placzek}{section.7.5}% 90
\BOOKMARK [1][-]{section.7.6}{D\351pendance spatiale}{chapter.7}% 91
\BOOKMARK [2][-]{subsection.7.6.1}{Th\351orie de l'age de Fermi}{section.7.6}% 92
\BOOKMARK [0][-]{chapter.8}{Taux de r\351action de r\351sonances}{}% 93
\BOOKMARK [1][-]{section.8.1}{Section efficace de r\351sonance}{chapter.8}% 94
\BOOKMARK [2][-]{subsection.8.1.1}{Section efficace effective}{section.8.1}% 95
\BOOKMARK [2][-]{subsection.8.1.2}{Effet Doppler}{section.8.1}% 96
\BOOKMARK [2][-]{subsection.8.1.3}{Comparaison avec le profil naturel}{section.8.1}% 97
\BOOKMARK [1][-]{section.8.2}{Int\351grale de r\351sonance}{chapter.8}% 98
\BOOKMARK [1][-]{section.8.3}{Int\351grale de r\351sonance - r\351acteur thermique homog\350ne}{chapter.8}% 99
\BOOKMARK [2][-]{subsection.8.3.1}{Dilution infinie}{section.8.3}% 100
\BOOKMARK [2][-]{subsection.8.3.2}{Approximations NR et NRIA}{section.8.3}% 101
\BOOKMARK [1][-]{section.8.4}{Int\351grale de r\351sonance - r\351acteur thermique h\351t\351rog\350ne}{chapter.8}% 102
\BOOKMARK [2][-]{subsection.8.4.1}{Auto-protection g\351om\351trique}{section.8.4}% 103
\BOOKMARK [2][-]{subsection.8.4.2}{Approximations NR et NRIA}{section.8.4}% 104
