\BOOKMARK [0][-]{chapter.1}{Introduction}{}% 1
\BOOKMARK [1][-]{section.1.1}{Fondement microscopiques de la physique}{chapter.1}% 2
\BOOKMARK [1][-]{section.1.2}{L'espace-temps et la relativit\351 restreinte}{chapter.1}% 3
\BOOKMARK [1][-]{section.1.3}{Le mod\350le standard des particules}{chapter.1}% 4
\BOOKMARK [1][-]{section.1.4}{Les quatre interactions fondamentales}{chapter.1}% 5
\BOOKMARK [2][-]{subsection.1.4.1}{D\351sint\351gration - du neutron}{section.1.4}% 6
\BOOKMARK [1][-]{section.1.5}{Lois de conservations}{chapter.1}% 7
\BOOKMARK [0][-]{chapter.2}{Les origines de la physique quantique}{}% 8
\BOOKMARK [1][-]{section.2.0}{Introduction \(slides\)}{chapter.2}% 9
\BOOKMARK [2][-]{subsection.2.0.1}{Les spectres atomiques}{section.2.0}% 10
\BOOKMARK [1][-]{section.2.1}{La constante de Planck}{chapter.2}% 11
\BOOKMARK [1][-]{section.2.2}{Particules de lumi\350re}{chapter.2}% 12
\BOOKMARK [1][-]{section.2.3}{Ondes de mati\350re}{chapter.2}% 13
\BOOKMARK [0][-]{chapter.3}{L'\351quation de Schr\366dinger}{}% 14
\BOOKMARK [1][-]{section.3.0}{\311quations d'ondes libres pour la lumi\350re \(Slide only\)}{chapter.3}% 15
\BOOKMARK [2][-]{subsection.3.0.1}{\311lectromagn\351tisme : formulation relativiste}{section.3.0}% 16
\BOOKMARK [2][-]{subsection.3.0.2}{\311lectromagn\351tisme : ondes planes et paquets d'ondes}{section.3.0}% 17
\BOOKMARK [1][-]{section.3.1}{Origine}{chapter.3}% 18
\BOOKMARK [1][-]{section.3.2}{\311quation d'onde d'une particule libre}{chapter.3}% 19
\BOOKMARK [1][-]{section.3.3}{Particule dans un puits de potentiel}{chapter.3}% 20
\BOOKMARK [1][-]{section.3.4}{\311quation de Schr\366dinger stationnaire}{chapter.3}% 21
\BOOKMARK [0][-]{chapter.4}{Principes de la m\351canique quantique}{}% 22
\BOOKMARK [1][-]{section.4.3}{Postulat sur l'\351tat d'un syst\350me}{chapter.4}% 23
\BOOKMARK [1][-]{section.4.7}{Principe de superposition, chat de Schr\366dinger et ordinateurs quantiques}{chapter.4}% 24
\BOOKMARK [1][-]{section.4.5}{Postulat d'\351volution }{chapter.4}% 25
\BOOKMARK [1][-]{section.4.1}{Propri\351t\351s math\351matiques}{chapter.4}% 26
\BOOKMARK [1][-]{section.4.4}{Postulats sur les mesures}{chapter.4}% 27
\BOOKMARK [1][-]{section.4.8}{Relations d'incertitudes de Heisenberg}{chapter.4}% 28
\BOOKMARK [1][-]{section.4.7}{Principe de superposition, chat de Schr\366dinger et ordinateurs quantiques \(suite\)}{chapter.4}% 29
\BOOKMARK [0][-]{chapter.5}{\311quation de Schr\366dinger \340 une dimension}{}% 30
\BOOKMARK [1][-]{section.5.1}{Propri\351t\351s g\351n\351rales des potentiels et fonctions d'ondes}{chapter.5}% 31
\BOOKMARK [1][-]{section.5.2}{Particule dans une bo\356te}{chapter.5}% 32
\BOOKMARK [1][-]{section.5.3}{Oscillateur harmonique}{chapter.5}% 33
\BOOKMARK [2][-]{subsection.5.3.1}{\311quation de Schr\366dinger en variables r\351duites}{section.5.3}% 34
\BOOKMARK [2][-]{subsection.5.3.2}{R\351solution par s\351rie de l'\351quation de Hermite}{section.5.3}% 35
\BOOKMARK [1][-]{section.5.4}{Barri\350re de potentiel constante}{chapter.5}% 36
\BOOKMARK [1][-]{section.5.5}{L'effet tunnel}{chapter.5}% 37
\BOOKMARK [0][-]{chapter.6}{Equations de Schr\366dinger \340 trois dimensions}{}% 38
\BOOKMARK [1][-]{section.6.1}{Potentiel central}{chapter.6}% 39
\BOOKMARK [1][-]{section.6.2}{Le moment cin\351tique orbital}{chapter.6}% 40
\BOOKMARK [1][-]{section.6.3}{Harmoniques sph\351riques}{chapter.6}% 41
\BOOKMARK [1][-]{section.6.4}{S\351paration des variables}{chapter.6}% 42
\BOOKMARK [1][-]{section.6.5}{Propri\351t\351 g\351n\351rales des fonctions d'onde radiales}{chapter.6}% 43
\BOOKMARK [1][-]{section.6.6}{Potentiel coulombien attractif}{chapter.6}% 44
\BOOKMARK [0][-]{chapter.7}{Syst\350mes de particules}{}% 45
\BOOKMARK [1][-]{section.7.1}{\311quation de Schr\366dinger}{chapter.7}% 46
\BOOKMARK [1][-]{section.7.2}{Interpr\351tation de la fonction d'onde}{chapter.7}% 47
\BOOKMARK [1][-]{section.7.3}{Syst\350me de deux particules}{chapter.7}% 48
\BOOKMARK [1][-]{section.7.4}{L'atome d'hydrog\350ne}{chapter.7}% 49
\BOOKMARK [1][-]{section.7.5}{Syst\350mes hydrog\351no\357des}{chapter.7}% 50
\BOOKMARK [1][-]{section.7.6}{\311tat de Rydberg}{chapter.7}% 51
\BOOKMARK [1][-]{section.7.7}{Syst\350mes de particules identiques}{chapter.7}% 52
\BOOKMARK [2][-]{subsection.7.7.1}{Postulat d'antisym\351trisation de Pauli}{section.7.7}% 53
\BOOKMARK [0][-]{chapter.8}{Le spin}{}% 54
\BOOKMARK [1][-]{section.8.1}{L'effet Zeeman anormal}{chapter.8}% 55
\BOOKMARK [1][-]{section.8.2}{L'exp\351rience de Stern et Gerlach}{chapter.8}% 56
\BOOKMARK [1][-]{section.8.3}{Le spin}{chapter.8}% 57
\BOOKMARK [1][-]{section.8.4}{Propri\351t\351s g\351n\351rales d'un moment cin\351tique}{chapter.8}% 58
\BOOKMARK [1][-]{section.8.5}{Compositition de deux moment cin\351tiques}{chapter.8}% 59
\BOOKMARK [1][-]{section.8.6}{Moment cin\351tique orbital}{chapter.8}% 60
\BOOKMARK [1][-]{section.8.7}{La structure fine de l'atome d'hydrog\350ne}{chapter.8}% 61
\BOOKMARK [1][-]{section.8.8}{La structure hyperfine de l'atome d'hydrog\350ne}{chapter.8}% 62
\BOOKMARK [0][-]{chapter.9}{Les atomes}{}% 63
\BOOKMARK [1][-]{section.9.1}{La physique atomique}{chapter.9}% 64
\BOOKMARK [1][-]{section.9.2}{L'atome d'h\351lium}{chapter.9}% 65
\BOOKMARK [2][-]{subsection.9.2.1}{\311quation de Schr\366dinger}{section.9.2}% 66
\BOOKMARK [2][-]{subsection.9.2.2}{\311tude qualitative du spectre de l'atome d'h\351lium}{section.9.2}% 67
\BOOKMARK [2][-]{subsection.9.2.3}{R\364le du spin}{section.9.2}% 68
\BOOKMARK [2][-]{subsection.9.2.4}{L'atome d'h\351lium et les ions \340 deux \351lectrons}{section.9.2}% 69
\BOOKMARK [2][-]{subsection.9.2.5}{Notation spectroscopique des niveaux}{section.9.2}% 70
\BOOKMARK [1][-]{section.9.3}{La structure des atomes}{chapter.9}% 71
\BOOKMARK [2][-]{subsection.9.3.1}{Equation de Schrodinger d'un atome neutre}{section.9.3}% 72
\BOOKMARK [2][-]{subsection.9.3.2}{Approximation du potentiel central moyen}{section.9.3}% 73
\BOOKMARK [2][-]{subsection.9.3.3}{Principe d'exclusion de Pauli}{section.9.3}% 74
\BOOKMARK [2][-]{subsection.9.3.4}{Effet d'\351cran et ordre des orbitales}{section.9.3}% 75
\BOOKMARK [2][-]{subsection.9.3.5}{Moment cin\351tique orbital total et spin total}{section.9.3}% 76
\BOOKMARK [2][-]{subsection.9.3.6}{Structures fine et hyperfine}{section.9.3}% 77
\BOOKMARK [0][-]{chapter.10}{Les mol\351cules et les solides}{}% 78
