\BOOKMARK [-1][-]{part.1}{I Interactions des rayonnements ionisants avec la mati\350re}{}% 1
\BOOKMARK [0][-]{chapter.1}{Interaction des particules charg\351es avec la mati\350re : consid\351rations de base}{part.1}% 2
\BOOKMARK [1][-]{section.1.1}{Introduction}{chapter.1}% 3
\BOOKMARK [2][-]{subsection.1.1.1}{Interaction des particules charg\351es avec la mati\350re}{section.1.1}% 4
\BOOKMARK [2][-]{subsection.1.1.2}{Conclusions \340 propos de ces consid\351rations de base}{section.1.1}% 5
\BOOKMARK [0][-]{chapter.2}{Interaction des ions avec la mati\350re}{part.1}% 6
\BOOKMARK [1][-]{section.2.1}{Mod\350le semi-classique du pouvoir d'arr\352t \351lectronique}{chapter.2}% 7
\BOOKMARK [2][-]{subsection.2.1.1}{Vitesses interm\351diaires : v0v c}{section.2.1}% 8
\BOOKMARK [2][-]{subsection.2.1.2}{Grandes vitesses - \311quation de Bethe-Bloch : v0<vc}{section.2.1}% 9
\BOOKMARK [2][-]{subsection.2.1.3}{Petites vitesses}{section.2.1}% 10
\BOOKMARK [1][-]{section.2.2}{Pouvoir d'arr\352t nucl\351aire \(faibles vitesses\)}{chapter.2}% 11
\BOOKMARK [1][-]{section.2.3}{Pouvoir d'arr\352t massique \351lectronique et influence de la phase}{chapter.2}% 12
\BOOKMARK [1][-]{section.2.4}{Parcours et courbe de Bragg}{chapter.2}% 13
\BOOKMARK [2][-]{subsection.2.4.1}{Parcours}{section.2.4}% 14
\BOOKMARK [2][-]{subsection.2.4.2}{Courbes de Bragg}{section.2.4}% 15
\BOOKMARK [0][-]{chapter.3}{Interaction des \351lectrons avec la mati\350re}{part.1}% 16
\BOOKMARK [0][-]{chapter.4}{Interaction des photons avec la mati\350re}{part.1}% 17
\BOOKMARK [1][-]{section.4.1}{Introduction}{chapter.4}% 18
\BOOKMARK [2][-]{subsection.4.1.1}{Consid\351rations de bases et interactions des \040avec la mati\350re}{section.4.1}% 19
\BOOKMARK [2][-]{subsection.4.1.2}{Remarque importante}{section.4.1}% 20
\BOOKMARK [1][-]{section.4.2}{Effet Compton}{chapter.4}% 21
\BOOKMARK [2][-]{subsection.4.2.1}{D\351monstration de Thomson}{section.4.2}% 22
\BOOKMARK [2][-]{subsection.4.2.2}{Exp\351rience de Compton}{section.4.2}% 23
\BOOKMARK [2][-]{subsection.4.2.3}{Relations entre \351nergies et angles}{section.4.2}% 24
\BOOKMARK [2][-]{subsection.4.2.4}{Section efficace diff\351rentielle angulaire, \351nerg\351tique et totale}{section.4.2}% 25
\BOOKMARK [2][-]{subsection.4.2.5}{Diffusion coh\351rente et incoh\351rente}{section.4.2}% 26
\BOOKMARK [1][-]{section.4.3}{Effet photo\351lectrique}{chapter.4}% 27
\BOOKMARK [2][-]{subsection.4.3.1}{Conservation de l'\351nergie et \351nergie de liaison}{section.4.3}% 28
\BOOKMARK [2][-]{subsection.4.3.2}{Section efficace}{section.4.3}% 29
\BOOKMARK [2][-]{subsection.4.3.3}{Distribution angulaire des photo\351lectrons}{section.4.3}% 30
\BOOKMARK [2][-]{subsection.4.3.4}{Ph\351nom\350ne cons\351cutif \340 l'effet photo\351lectrique}{section.4.3}% 31
\BOOKMARK [1][-]{section.4.4}{Cr\351ation de paire}{chapter.4}% 32
\BOOKMARK [2][-]{subsection.4.4.1}{Lois de conservation}{section.4.4}% 33
\BOOKMARK [2][-]{subsection.4.4.2}{Section efficace dans le champ d'un noyau}{section.4.4}% 34
\BOOKMARK [2][-]{subsection.4.4.3}{Section efficace totale}{section.4.4}% 35
\BOOKMARK [2][-]{subsection.4.4.4}{Section efficace dans la champ d'un \351lectron}{section.4.4}% 36
\BOOKMARK [2][-]{subsection.4.4.5}{Direction d'\351mission de la paire \351lectron-positron}{section.4.4}% 37
\BOOKMARK [2][-]{subsection.4.4.6}{Ph\351nom\350ne cons\351cutif \340 la cr\351ation de paire et photod\351sint\351gration du noyau}{section.4.4}% 38
\BOOKMARK [2][-]{subsection.4.4.7}{Comparaison des diff\351rents effets}{section.4.4}% 39
\BOOKMARK [1][-]{section.4.5}{Coefficient d'att\351nuation}{chapter.4}% 40
\BOOKMARK [2][-]{subsection.4.5.1}{G\351om\351trie \340 faisceau \351troit}{section.4.5}% 41
\BOOKMARK [2][-]{subsection.4.5.2}{Coefficient massique d'att\351nuation}{section.4.5}% 42
\BOOKMARK [2][-]{subsection.4.5.3}{Coefficient de transfert massique d'\351nergie}{section.4.5}% 43
\BOOKMARK [0][-]{chapter.5}{Interaction des neutrons avec la mati\350re}{part.1}% 44
\BOOKMARK [1][-]{section.5.1}{Introduction}{chapter.5}% 45
\BOOKMARK [2][-]{subsection.5.1.1}{Classification des neutrons}{section.5.1}% 46
\BOOKMARK [1][-]{section.5.2}{M\351canismes d'interaction}{chapter.5}% 47
\BOOKMARK [2][-]{subsection.5.2.1}{Diffusion \351lastique \(n,n\)}{section.5.2}% 48
\BOOKMARK [2][-]{subsection.5.2.2}{Diffusion in\351lastique \(n,n'\)}{section.5.2}% 49
\BOOKMARK [2][-]{subsection.5.2.3}{Absorption}{section.5.2}% 50
\BOOKMARK [1][-]{section.5.3}{Sections efficaces d'interaction}{chapter.5}% 51
\BOOKMARK [1][-]{section.5.4}{Mod\351ration et parcours des neutrons}{chapter.5}% 52
\BOOKMARK [2][-]{subsection.5.4.1}{Rapport de mod\351ration}{section.5.4}% 53
\BOOKMARK [0][-]{chapter.6}{Ionisation et excitations}{part.1}% 54
\BOOKMARK [1][-]{section.6.1}{Introduction}{chapter.6}% 55
\BOOKMARK [1][-]{section.6.2}{Ionisation dans les gaz}{chapter.6}% 56
\BOOKMARK [2][-]{subsection.6.2.1}{D\351termination de W}{section.6.2}% 57
\BOOKMARK [2][-]{subsection.6.2.2}{M\351lange de gaz}{section.6.2}% 58
\BOOKMARK [1][-]{section.6.3}{Ionisation dans les solides}{chapter.6}% 59
\BOOKMARK [2][-]{subsection.6.3.1}{Fluctuation du nombre d'ionisation}{section.6.3}% 60
\BOOKMARK [1][-]{section.6.4}{Facteur de Fano}{chapter.6}% 61
\BOOKMARK [-1][-]{part.2}{II D\351tection des rayonnements ionisants}{}% 62
\BOOKMARK [0][-]{chapter.7}{Propri\351t\351s g\351n\351rales des d\351tecteurs}{part.2}% 63
\BOOKMARK [1][-]{section.7.1}{Principes de base de la d\351tection}{chapter.7}% 64
\BOOKMARK [1][-]{section.7.2}{Mod\350le simplifi\351 de d\351tecteur}{chapter.7}% 65
\BOOKMARK [2][-]{subsection.7.2.1}{Modes de fonctionnement}{section.7.2}% 66
\BOOKMARK [1][-]{section.7.3}{Spectrom\351trie des rayonnements}{chapter.7}% 67
\BOOKMARK [2][-]{subsection.7.3.1}{R\351solution du d\351tecteur}{section.7.3}% 68
\BOOKMARK [1][-]{section.7.4}{Efficacit\351 de d\351tection}{chapter.7}% 69
\BOOKMARK [1][-]{section.7.5}{Temps mort}{chapter.7}% 70
\BOOKMARK [2][-]{subsection.7.5.1}{Mod\350le non-paralysable}{section.7.5}% 71
\BOOKMARK [2][-]{subsection.7.5.2}{Mod\350le paralysable}{section.7.5}% 72
\BOOKMARK [0][-]{chapter.8}{D\351tecteurs bas\351s sur l'ionisation des gaz}{part.2}% 73
\BOOKMARK [1][-]{section.8.1}{Principes g\351n\351raux d'un d\351tecteur \340 gaz}{chapter.8}% 74
\BOOKMARK [2][-]{subsection.8.1.1}{D\351pendance dans l'intensit\351 du champ \351lectrique}{section.8.1}% 75
\BOOKMARK [1][-]{section.8.2}{Transport des charges dans un gaz}{chapter.8}% 76
\BOOKMARK [2][-]{subsection.8.2.1}{Diffusion}{section.8.2}% 77
\BOOKMARK [2][-]{subsection.8.2.2}{Transport des particules}{section.8.2}% 78
\BOOKMARK [2][-]{subsection.8.2.3}{Modification de charge}{section.8.2}% 79
\BOOKMARK [1][-]{section.8.3}{Chambre d'ionisation}{chapter.8}% 80
\BOOKMARK [2][-]{subsection.8.3.1}{Mode de fonctionnement d'une chambre d'ionisation}{section.8.3}% 81
\BOOKMARK [2][-]{subsection.8.3.2}{Configurations g\351om\351triques d'une chambre d'ionisation}{section.8.3}% 82
\BOOKMARK [2][-]{subsection.8.3.3}{Collection des charges}{section.8.3}% 83
\BOOKMARK [2][-]{subsection.8.3.4}{Chambre d'ionisation en mode impulsion}{section.8.3}% 84
\BOOKMARK [2][-]{subsection.8.3.5}{Chambre de Frish}{section.8.3}% 85
\BOOKMARK [2][-]{subsection.8.3.6}{R\351solution en \351nergie pour la chambre d'ionisation}{section.8.3}% 86
\BOOKMARK [1][-]{section.8.4}{Compteur proportionnel}{chapter.8}% 87
\BOOKMARK [2][-]{subsection.8.4.1}{Champ \351lectrique et potentiel dans le cylindre}{section.8.4}% 88
\BOOKMARK [2][-]{subsection.8.4.2}{Principe de multiplication}{section.8.4}% 89
\BOOKMARK [2][-]{subsection.8.4.3}{Collecte des charges}{section.8.4}% 90
\BOOKMARK [2][-]{subsection.8.4.4}{Analyse simplifi\351e de la collecte des charges}{section.8.4}% 91
\BOOKMARK [2][-]{subsection.8.4.5}{Temps de multiplication pour les ions}{section.8.4}% 92
\BOOKMARK [2][-]{subsection.8.4.6}{\311quation de Townsend}{section.8.4}% 93
\BOOKMARK [2][-]{subsection.8.4.7}{Expression math\351matique du coefficient de multiplication}{section.8.4}% 94
\BOOKMARK [2][-]{subsection.8.4.8}{Param\350tres de Diethorn}{section.8.4}% 95
\BOOKMARK [2][-]{subsection.8.4.9}{Choix du gaz}{section.8.4}% 96
\BOOKMARK [2][-]{subsection.8.4.10}{R\351solution du d\351tecteur}{section.8.4}% 97
\BOOKMARK [2][-]{subsection.8.4.11}{Pic d'\351chappement et compteur proportionnel multi-fils}{section.8.4}% 98
\BOOKMARK [1][-]{section.8.5}{Compteur Geiger}{chapter.8}% 99
\BOOKMARK [2][-]{subsection.8.5.1}{Gaz de quenching}{section.8.5}% 100
\BOOKMARK [2][-]{subsection.8.5.2}{Collection des charges}{section.8.5}% 101
\BOOKMARK [2][-]{subsection.8.5.3}{Temps mort et temps de restitution}{section.8.5}% 102
\BOOKMARK [2][-]{subsection.8.5.4}{D\351tection des }{section.8.5}% 103
\BOOKMARK [0][-]{chapter.9}{D\351tecteurs bas\351s sur l'ionisation dans les semiconducteurs}{part.2}% 104
\BOOKMARK [1][-]{section.9.1}{Introduction aux semiconducteurs}{chapter.9}% 105
\BOOKMARK [1][-]{section.9.2}{Jonction p-n utilis\351e comme d\351tecteur}{chapter.9}% 106
\BOOKMARK [2][-]{subsection.9.2.1}{Collecte des charges}{section.9.2}% 107
\BOOKMARK [1][-]{section.9.3}{D\351tecteurs au silicium}{chapter.9}% 108
\BOOKMARK [2][-]{subsection.9.3.1}{Diode \340 jonction diffus\351e}{section.9.3}% 109
\BOOKMARK [2][-]{subsection.9.3.2}{Jonction \340 barri\350re de surface}{section.9.3}% 110
\BOOKMARK [2][-]{subsection.9.3.3}{Jonction par implantation ionique}{section.9.3}% 111
\BOOKMARK [2][-]{subsection.9.3.4}{Jonction compens\351e au lithium \205 Si\(Li\) \205 Diode p-i-n}{section.9.3}% 112
\BOOKMARK [2][-]{subsection.9.3.5}{D\351tecteur \340 microstrips}{section.9.3}% 113
\BOOKMARK [1][-]{section.9.4}{D\351tecteurs au germanium}{chapter.9}% 114
\BOOKMARK [2][-]{subsection.9.4.1}{Jonction compens\351e au lithium \205 Ge\(Li\)}{section.9.4}% 115
\BOOKMARK [2][-]{subsection.9.4.2}{D\351tecteur au Ge intrins\350que - HPGe}{section.9.4}% 116
\BOOKMARK [1][-]{section.9.5}{Autres mat\351riaux}{chapter.9}% 117
\BOOKMARK [0][-]{chapter.10}{D\351tecteurs bas\351s sur la scintillation}{part.2}% 118
\BOOKMARK [1][-]{section.10.1}{Introduction}{chapter.10}% 119
\BOOKMARK [2][-]{subsection.10.1.1}{Luminescence}{section.10.1}% 120
\BOOKMARK [1][-]{section.10.2}{Scintillateurs organiques}{chapter.10}% 121
\BOOKMARK [2][-]{subsection.10.2.1}{M\351canismes de scintillation : Fluorescence}{section.10.2}% 122
\BOOKMARK [2][-]{subsection.10.2.2}{M\351canismes de scintillation : Phosphorescence}{section.10.2}% 123
\BOOKMARK [2][-]{subsection.10.2.3}{M\351canismes de scintillation: Fluorescence retard\351e}{section.10.2}% 124
\BOOKMARK [2][-]{subsection.10.2.4}{Propri\351t\351s des scintillateurs organiques}{section.10.2}% 125
\BOOKMARK [1][-]{section.10.3}{Scintillateurs inorganiques}{chapter.10}% 126
\BOOKMARK [2][-]{subsection.10.3.1}{Description des scintillateurs inorganiques et m\351canismes de scintillations}{section.10.3}% 127
\BOOKMARK [2][-]{subsection.10.3.2}{Propri\351t\351s des scintillateurs inorganiques}{section.10.3}% 128
\BOOKMARK [2][-]{subsection.10.3.3}{NaI\(Tl\)}{section.10.3}% 129
\BOOKMARK [1][-]{section.10.4}{Photomultiplicateur}{chapter.10}% 130
\BOOKMARK [2][-]{subsection.10.4.1}{Photocathode}{section.10.4}% 131
\BOOKMARK [2][-]{subsection.10.4.2}{Bruit, gain de la photocathode et dynode}{section.10.4}% 132
\BOOKMARK [2][-]{subsection.10.4.3}{R\351solution d'un d\351tecteur \340 scintillation}{section.10.4}% 133
\BOOKMARK [1][-]{section.10.5}{Spectrom\351trie \040avec un NaI\(Tl\)}{chapter.10}% 134
\BOOKMARK [2][-]{subsection.10.5.1}{ d'1 MeV}{section.10.5}% 135
\BOOKMARK [2][-]{subsection.10.5.2}{ de 100 keV}{section.10.5}% 136
\BOOKMARK [2][-]{subsection.10.5.3}{ de 10 MeV}{section.10.5}% 137
\BOOKMARK [2][-]{subsection.10.5.4}{Complications de la r\351ponse}{section.10.5}% 138
\BOOKMARK [0][-]{chapter.11}{D\351tecteurs de neutrons}{part.2}% 139
\BOOKMARK [1][-]{section.11.1}{Principes de la d\351tection neutrons}{chapter.11}% 140
\BOOKMARK [2][-]{subsection.11.1.1}{Mat\351riaux utilis\351s pour la d\351tection des neutrons}{section.11.1}% 141
\BOOKMARK [2][-]{subsection.11.1.2}{Compteur proportionnel neutrons}{section.11.1}% 142
\BOOKMARK [2][-]{subsection.11.1.3}{Scintillateurs neutrons}{section.11.1}% 143
\BOOKMARK [2][-]{subsection.11.1.4}{D\351tecteurs neutrons bas\351s sur la fission}{section.11.1}% 144
\BOOKMARK [2][-]{subsection.11.1.5}{D\351tecteurs neutrons pour les r\351acteurs nucl\351aires}{section.11.1}% 145
\BOOKMARK [1][-]{section.11.2}{M\351thodes de d\351tection des neutrons rapides}{chapter.11}% 146
\BOOKMARK [2][-]{subsection.11.2.1}{D\351tection apr\350s mod\351ration}{section.11.2}% 147
\BOOKMARK [2][-]{subsection.11.2.2}{Sph\350re de Bonner}{section.11.2}% 148
\BOOKMARK [2][-]{subsection.11.2.3}{Compteur long}{section.11.2}% 149
\BOOKMARK [2][-]{subsection.11.2.4}{D\351tection des neutrons rapides \(E>10 MeV\)}{section.11.2}% 150
\BOOKMARK [2][-]{subsection.11.2.5}{D\351tecteur neutrons avec diodes}{section.11.2}% 151
\BOOKMARK [2][-]{subsection.11.2.6}{D\351tection bas\351e sur les r\351actions des neutrons rapides et spectrom\351trie neutronique}{section.11.2}% 152
\BOOKMARK [2][-]{subsection.11.2.7}{Compteurs proportionnels pour la d\351tection des neutrons }{section.11.2}% 153
