\BOOKMARK [0][-]{chapter.1}{Les origines de la crise : \040Les pr\352ts hypoth\351caires "subprimes"}{}% 1
\BOOKMARK [1][-]{section.1.1}{Ca craque une premi\350re fois}{chapter.1}% 2
\BOOKMARK [1][-]{section.1.2}{Les subprimes}{chapter.1}% 3
\BOOKMARK [1][-]{section.1.3}{Comparaison des diff\351rents syst\350mes de pr\352t}{chapter.1}% 4
\BOOKMARK [1][-]{section.1.4}{Risque consid\351r\351 comme faible par les banquiers}{chapter.1}% 5
\BOOKMARK [0][-]{chapter.2}{Des subprimes \340 Fortis : La contamination du syst\350me financier mondial}{}% 6
\BOOKMARK [1][-]{section.2.1}{March\351 immobilier aux USA}{chapter.2}% 7
\BOOKMARK [1][-]{section.2.2}{L'effet de levier}{chapter.2}% 8
\BOOKMARK [1][-]{section.2.3}{Innovation financi\350re}{chapter.2}% 9
\BOOKMARK [1][-]{section.2.4}{Le boom immobilier am\351ricain}{chapter.2}% 10
\BOOKMARK [1][-]{section.2.5}{Nouvelles innovations financi\350res}{chapter.2}% 11
\BOOKMARK [1][-]{section.2.6}{D\351clin}{chapter.2}% 12
\BOOKMARK [2][-]{subsection.2.6.1}{Ralph Cioffi}{section.2.6}% 13
\BOOKMARK [2][-]{subsection.2.6.2}{Piliers de la banque}{section.2.6}% 14
\BOOKMARK [2][-]{subsection.2.6.3}{La banqueroute de Stearns}{section.2.6}% 15
\BOOKMARK [1][-]{section.2.7}{Pouvait-on pr\351voir ?}{chapter.2}% 16
\BOOKMARK [2][-]{subsection.2.7.1}{Charles Morris}{section.2.7}% 17
\BOOKMARK [2][-]{subsection.2.7.2}{Nouriel Roubeini}{section.2.7}% 18
\BOOKMARK [2][-]{subsection.2.7.3}{Mais beaucoup rassuraient}{section.2.7}% 19
\BOOKMARK [1][-]{section.2.8}{Faillite des grandes banques}{chapter.2}% 20
\BOOKMARK [1][-]{section.2.9}{La belle histoire de Fortis}{chapter.2}% 21
\BOOKMARK [1][-]{section.2.10}{Fortis et la finance mondiale}{chapter.2}% 22
\BOOKMARK [1][-]{section.2.11}{ABN-AMRO, facteurs peu logiques}{chapter.2}% 23
\BOOKMARK [1][-]{section.2.12}{Acquisition d'ABN-AMRO}{chapter.2}% 24
\BOOKMARK [0][-]{chapter.3}{R\351cession : de la crise de la finance vers celle des Etats}{}% 25
\BOOKMARK [1][-]{section.3.1}{R\351sum\351 jusqu'ici}{chapter.3}% 26
\BOOKMARK [1][-]{section.3.2}{Mesure en \351conomie - fr\352t maritime}{chapter.3}% 27
\BOOKMARK [1][-]{section.3.3}{La cha\356ne de la crise}{chapter.3}% 28
\BOOKMARK [2][-]{subsection.3.3.1}{Crise dans l'industrie}{section.3.3}% 29
\BOOKMARK [2][-]{subsection.3.3.2}{Crise des mati\350res premi\350res}{section.3.3}% 30
\BOOKMARK [1][-]{section.3.4}{Actions de sauvetage}{chapter.3}% 31
\BOOKMARK [2][-]{subsection.3.4.1}{D\351gradation des pr\351visions}{section.3.4}% 32
\BOOKMARK [2][-]{subsection.3.4.2}{La crise \351conomique \351vit\351e}{section.3.4}% 33
\BOOKMARK [2][-]{subsection.3.4.3}{Etat des lieux et \351volution apr\350s d\351pression}{section.3.4}% 34
\BOOKMARK [0][-]{chapter.4}{Action, crise des Etats et crise de l'Euro}{}% 35
\BOOKMARK [1][-]{section.4.1}{Rappel du cercle vicieux}{chapter.4}% 36
\BOOKMARK [1][-]{section.4.2}{Construction de l'Europe}{chapter.4}% 37
\BOOKMARK [2][-]{subsection.4.2.1}{Le d\351but}{section.4.2}% 38
\BOOKMARK [2][-]{subsection.4.2.2}{Un long chemin}{section.4.2}% 39
\BOOKMARK [2][-]{subsection.4.2.3}{Le grand bond en avant}{section.4.2}% 40
\BOOKMARK [1][-]{section.4.3}{L'Union Mon\351taire et l'Euro}{chapter.4}% 41
\BOOKMARK [2][-]{subsection.4.3.1}{Le difficile tra\356t\351 de Maastricht}{section.4.3}% 42
\BOOKMARK [2][-]{subsection.4.3.2}{Les risques}{section.4.3}% 43
\BOOKMARK [2][-]{subsection.4.3.3}{Naissance et \351largissements de l'Euro}{section.4.3}% 44
\BOOKMARK [1][-]{section.4.4}{Coh\351sion \340 l'\351preuve}{chapter.4}% 45
\BOOKMARK [1][-]{section.4.5}{Situation de la Gr\350ce}{chapter.4}% 46
\BOOKMARK [2][-]{subsection.4.5.1}{L'entr\351e dans l'euro}{section.4.5}% 47
\BOOKMARK [2][-]{subsection.4.5.2}{Premi\350re alerte en 2005}{section.4.5}% 48
\BOOKMARK [2][-]{subsection.4.5.3}{Plan de sauvetage}{section.4.5}% 49
\BOOKMARK [2][-]{subsection.4.5.4}{R\351sultat du plan de sauvetage}{section.4.5}% 50
\BOOKMARK [2][-]{subsection.4.5.5}{Deux visions sur la crise greque}{section.4.5}% 51
\BOOKMARK [0][-]{chapter.5}{Les le\347ons de la grande crise de 1929 : similitudes et diff\351rences}{}% 52
\BOOKMARK [1][-]{section.5.1}{Les crises dans l'histoire}{chapter.5}% 53
\BOOKMARK [2][-]{subsection.5.1.1}{Japon 1990}{section.5.1}% 54
\BOOKMARK [2][-]{subsection.5.1.2}{USA 1987}{section.5.1}% 55
\BOOKMARK [2][-]{subsection.5.1.3}{Hollande 1636}{section.5.1}% 56
\BOOKMARK [2][-]{subsection.5.1.4}{USA 1929}{section.5.1}% 57
\BOOKMARK [1][-]{section.5.2}{Similitudes et diff\351rences}{chapter.5}% 58
\BOOKMARK [2][-]{subsection.5.2.1}{Daw Jones Industrial}{section.5.2}% 59
\BOOKMARK [2][-]{subsection.5.2.2}{Innovations financi\350res en 1929}{section.5.2}% 60
\BOOKMARK [2][-]{subsection.5.2.3}{Bulle boursi\350re}{section.5.2}% 61
\BOOKMARK [1][-]{section.5.3}{La crise de 1929}{chapter.5}% 62
\BOOKMARK [2][-]{subsection.5.3.1}{Cause}{section.5.3}% 63
\BOOKMARK [2][-]{subsection.5.3.2}{Cons\351quences}{section.5.3}% 64
\BOOKMARK [1][-]{section.5.4}{Le r\364le de la politique}{chapter.5}% 65
\BOOKMARK [2][-]{subsection.5.4.1}{Etat des lieux}{section.5.4}% 66
\BOOKMARK [2][-]{subsection.5.4.2}{Vision des lib\351raux}{section.5.4}% 67
\BOOKMARK [2][-]{subsection.5.4.3}{Le marxisme}{section.5.4}% 68
\BOOKMARK [1][-]{section.5.5}{John Maynard Keynes}{chapter.5}% 69
\BOOKMARK [2][-]{subsection.5.5.1}{Petite biographie}{section.5.5}% 70
\BOOKMARK [2][-]{subsection.5.5.2}{La crise}{section.5.5}% 71
\BOOKMARK [2][-]{subsection.5.5.3}{Mod\350le simple de l'\351conomie}{section.5.5}% 72
\BOOKMARK [1][-]{section.5.6}{Mod\350le r\351aliste de l'\351conomie}{chapter.5}% 73
\BOOKMARK [2][-]{subsection.5.6.1}{Consommation et \351pargne}{section.5.6}% 74
\BOOKMARK [2][-]{subsection.5.6.2}{Lien entre consommation et revenue}{section.5.6}% 75
\BOOKMARK [2][-]{subsection.5.6.3}{R\364le de la confiance}{section.5.6}% 76
\BOOKMARK [1][-]{section.5.7}{Multiplicateur de l'investissement}{chapter.5}% 77
\BOOKMARK [1][-]{section.5.8}{Le "New Deal"}{chapter.5}% 78
\BOOKMARK [0][-]{chapter.6}{Mondialisation et d\351localisation}{}% 79
\BOOKMARK [1][-]{section.6.1}{Les faits}{chapter.6}% 80
\BOOKMARK [2][-]{subsection.6.1.1}{Contexte}{section.6.1}% 81
\BOOKMARK [2][-]{subsection.6.1.2}{Modernisation}{section.6.1}% 82
\BOOKMARK [2][-]{subsection.6.1.3}{Premier mod\350le}{section.6.1}% 83
\BOOKMARK [2][-]{subsection.6.1.4}{R\351sultats}{section.6.1}% 84
\BOOKMARK [1][-]{section.6.2}{Low cost}{chapter.6}% 85
\BOOKMARK [2][-]{subsection.6.2.1}{Mouvement irr\351versible ?}{section.6.2}% 86
\BOOKMARK [2][-]{subsection.6.2.2}{Ecarts salariaux}{section.6.2}% 87
\BOOKMARK [1][-]{section.6.3}{Renault au Maroc}{chapter.6}% 88
\BOOKMARK [2][-]{subsection.6.3.1}{Dacia Bis}{section.6.3}% 89
\BOOKMARK [2][-]{subsection.6.3.2}{R\351actions politiques}{section.6.3}% 90
\BOOKMARK [1][-]{section.6.4}{B\351n\351ficiaires et victimes}{chapter.6}% 91
\BOOKMARK [1][-]{section.6.5}{Innovations technologiques}{chapter.6}% 92
\BOOKMARK [2][-]{subsection.6.5.1}{Choix technologiques}{section.6.5}% 93
\BOOKMARK [1][-]{section.6.6}{Innovations}{chapter.6}% 94
\BOOKMARK [2][-]{subsection.6.6.1}{Innovations radicales}{section.6.6}% 95
\BOOKMARK [2][-]{subsection.6.6.2}{R\351volutions industrielles}{section.6.6}% 96
\BOOKMARK [1][-]{section.6.7}{Facteurs influan\347ant le d\351veloppement technologique}{chapter.6}% 97
\BOOKMARK [2][-]{subsection.6.7.1}{Condition n\351c\351ssaire mais pas suffisante}{section.6.7}% 98
\BOOKMARK [2][-]{subsection.6.7.2}{Et demain ?}{section.6.7}% 99
\BOOKMARK [0][-]{chapter.7}{Le low cost et l'avenir de l'industrie en Europe}{}% 100
\BOOKMARK [1][-]{section.7.1}{Entreprises low cost}{chapter.7}% 101
\BOOKMARK [2][-]{subsection.7.1.1}{Ryanair}{section.7.1}% 102
\BOOKMARK [2][-]{subsection.7.1.2}{Ikea}{section.7.1}% 103
\BOOKMARK [2][-]{subsection.7.1.3}{Free Mobile}{section.7.1}% 104
\BOOKMARK [1][-]{section.7.2}{Pourquoi le low cost ?}{chapter.7}% 105
\BOOKMARK [1][-]{section.7.3}{Nouveaux mod\350les de consommation}{chapter.7}% 106
\BOOKMARK [2][-]{subsection.7.3.1}{Partage, location, troc, ...}{section.7.3}% 107
\BOOKMARK [2][-]{subsection.7.3.2}{Du B2C au C2C}{section.7.3}% 108
\BOOKMARK [2][-]{subsection.7.3.3}{R\351action des mod\350les traditionnels}{section.7.3}% 109
\BOOKMARK [1][-]{section.7.4}{L'avenir de l'industrie en Europe}{chapter.7}% 110
