\BOOKMARK [0][-]{chapter.1}{Syst\350mes hydrog\351no\357des: structures fines et hyperfines}{}% 1
\BOOKMARK [1][-]{section.1.1}{\311quation de Schr\366dinger \(rappel\)}{chapter.1}% 2
\BOOKMARK [2][-]{subsection.1.1.1}{Les harmoniques sph\351riques}{section.1.1}% 3
\BOOKMARK [2][-]{subsection.1.1.2}{Les forces centrales}{section.1.1}% 4
\BOOKMARK [2][-]{subsection.1.1.3}{Probl\350me \340 2 corps: effet de masse}{section.1.1}% 5
\BOOKMARK [2][-]{subsection.1.1.4}{Syst\350mes hydrog\351no\357des \205 Potentiel de Coulomb}{section.1.1}% 6
\BOOKMARK [2][-]{subsection.1.1.5}{Solution pour les \351tats li\351s}{section.1.1}% 7
\BOOKMARK [2][-]{subsection.1.1.6}{Syst\350me d'unit\351s atomiques}{section.1.1}% 8
\BOOKMARK [2][-]{subsection.1.1.7}{Solutions pour les \351tats li\351s}{section.1.1}% 9
\BOOKMARK [1][-]{section.1.2}{Spectre de l\220atome d\220hydrog\350ne}{chapter.1}% 10
\BOOKMARK [2][-]{subsection.1.2.1}{S\351rie de Balmer}{section.1.2}% 11
\BOOKMARK [2][-]{subsection.1.2.2}{R\350gle de Laporte et nomenclature}{section.1.2}% 12
\BOOKMARK [2][-]{subsection.1.2.3}{Effet de masse : Hydrog\350ne et Deut\351rium}{section.1.2}% 13
\BOOKMARK [1][-]{section.1.3}{Spectre des syst\350mes hydrog\351no\357des}{chapter.1}% 14
\BOOKMARK [2][-]{subsection.1.3.1}{Loi d'\351chelle}{section.1.3}% 15
\BOOKMARK [1][-]{section.1.4}{Le spin \351lectronique}{chapter.1}% 16
\BOOKMARK [2][-]{subsection.1.4.1}{Les matrices de Pauli}{section.1.4}% 17
\BOOKMARK [2][-]{subsection.1.4.2}{Les spin-orbitales}{section.1.4}% 18
\BOOKMARK [1][-]{section.1.5}{Effets relativistes et structure fine}{chapter.1}% 19
\BOOKMARK [1][-]{section.1.6}{Effets relativistes et structure fine}{chapter.1}% 20
\BOOKMARK [2][-]{subsection.1.6.1}{L'\351quation de Dirac}{section.1.6}% 21
\BOOKMARK [2][-]{subsection.1.6.2}{Couplage entre petite et grande composantes}{section.1.6}% 22
\BOOKMARK [2][-]{subsection.1.6.3}{Spectre de Dirac}{section.1.6}% 23
\BOOKMARK [2][-]{subsection.1.6.4}{Fonctions radiales de Dirac}{section.1.6}% 24
\BOOKMARK [2][-]{subsection.1.6.5}{Limite non relativiste de Dirac}{section.1.6}% 25
\BOOKMARK [1][-]{section.1.7}{Lamb shift \(1947\)}{chapter.1}% 26
\BOOKMARK [2][-]{subsection.1.7.1}{Lev\351e de la d\351g\351n\351rescence pour j=1/2}{section.1.7}% 27
\BOOKMARK [1][-]{section.1.8}{Structure hyperfine de l'hydrog\350ne}{chapter.1}% 28
\BOOKMARK [2][-]{subsection.1.8.1}{\311tat fondamental 1s1/2}{section.1.8}% 29
\BOOKMARK [2][-]{subsection.1.8.2}{\311tat ns1/2}{section.1.8}% 30
\BOOKMARK [2][-]{subsection.1.8.3}{Lev\351e de d\351g\351n\351rescence pour 1s1/2}{section.1.8}% 31
\BOOKMARK [2][-]{subsection.1.8.4}{Interaction hyperfine \351lectrique quadrupolaire}{section.1.8}% 32
\BOOKMARK [1][-]{section.1.9}{Largeurs de raies}{chapter.1}% 33
\BOOKMARK [2][-]{subsection.1.9.1}{Largeur naturelle}{section.1.9}% 34
\BOOKMARK [2][-]{subsection.1.9.2}{\311largissement par pression}{section.1.9}% 35
\BOOKMARK [2][-]{subsection.1.9.3}{\311largissement Doppler}{section.1.9}% 36
\BOOKMARK [2][-]{subsection.1.9.4}{Comparaison des profils Doppler et Lorentzien, convolution et profil de Voigt}{section.1.9}% 37
\BOOKMARK [0][-]{chapter.2}{Interaction mati\350re-lumi\350re}{}% 38
\BOOKMARK [1][-]{section.2.1}{\311quations de Maxwell}{chapter.2}% 39
\BOOKMARK [1][-]{section.2.2}{\311quation de Schr\366dinger d\351pendante du temps}{chapter.2}% 40
\BOOKMARK [1][-]{section.2.3}{Absorption et \351mission stimul\351es}{chapter.2}% 41
\BOOKMARK [1][-]{section.2.4}{Le photon QED et l'\351mission spontan\351e}{chapter.2}% 42
\BOOKMARK [2][-]{subsection.2.4.1}{Absorption d'un photon \340 partir d'un \351tat \340 N photons}{section.2.4}% 43
\BOOKMARK [2][-]{subsection.2.4.2}{Cr\351ation d'un photon}{section.2.4}% 44
\BOOKMARK [1][-]{section.2.5}{L'approximation dipolaire \351lectrique}{chapter.2}% 45
\BOOKMARK [1][-]{section.2.6}{Lien avec les coefficients d'Einstein}{chapter.2}% 46
\BOOKMARK [1][-]{section.2.7}{Spectre des atomes hydrog\351no\357des}{chapter.2}% 47
\BOOKMARK [2][-]{subsection.2.7.1}{Produit scalaire de 2 OTI}{section.2.7}% 48
\BOOKMARK [2][-]{subsection.2.7.2}{Lien de la r\350gle de s\351lection l = pm1 avec la parit\351}{section.2.7}% 49
\BOOKMARK [1][-]{section.2.8}{Force de raie, force d'oscillateur et temps de vie}{chapter.2}% 50
\BOOKMARK [2][-]{subsection.2.8.1}{Force de raie et force d'oscillateur}{section.2.8}% 51
\BOOKMARK [2][-]{subsection.2.8.2}{Formalise "longueur" et "vitesse"}{section.2.8}% 52
\BOOKMARK [2][-]{subsection.2.8.3}{R\350gle de Thomas-Reiche-Kuhn}{section.2.8}% 53
\BOOKMARK [2][-]{subsection.2.8.4}{Forces d'oscillateur moyennes}{section.2.8}% 54
\BOOKMARK [1][-]{section.2.9}{Structure fine des raies}{chapter.2}% 55
\BOOKMARK [1][-]{section.2.10}{R\350gles de s\351lection E1 g\351n\351ralis\351es aux syst\350mes poly\351lectroniques}{chapter.2}% 56
\BOOKMARK [1][-]{section.2.11}{Transitions interdites \(E2, M1\)}{chapter.2}% 57
\BOOKMARK [2][-]{subsection.2.11.1}{Effets de retard}{section.2.11}% 58
\BOOKMARK [2][-]{subsection.2.11.2}{\311quation du mouvement d'Heisenberg}{section.2.11}% 59
\BOOKMARK [2][-]{subsection.2.11.3}{Transitions magn\351tiques dipolaires \(M1\)}{section.2.11}% 60
\BOOKMARK [2][-]{subsection.2.11.4}{Transitions \351lectriques quadrupolaires \(E2\)}{section.2.11}% 61
\BOOKMARK [1][-]{section.2.12}{Masers, lasers: inversion de population}{chapter.2}% 62
\BOOKMARK [0][-]{chapter.3}{Structures atomiques, de l'h\351lium aux atomes complexes}{}% 63
\BOOKMARK [1][-]{section.3.1}{Syst\350mes h\351liumno\357des}{chapter.3}% 64
\BOOKMARK [2][-]{subsection.3.1.1}{Hamiltonien bi\351lectronique}{section.3.1}% 65
\BOOKMARK [2][-]{subsection.3.1.2}{Mod\350le hydrog\351no\357de et r\351alit\351}{section.3.1}% 66
\BOOKMARK [2][-]{subsection.3.1.3}{\311cart au potentiel central de Coulomb}{section.3.1}% 67
\BOOKMARK [2][-]{subsection.3.1.4}{R\364le du spin}{section.3.1}% 68
\BOOKMARK [2][-]{subsection.3.1.5}{Postulat de sym\351trisation}{section.3.1}% 69
\BOOKMARK [2][-]{subsection.3.1.6}{Termes et d\351terminants de Slater}{section.3.1}% 70
\BOOKMARK [2][-]{subsection.3.1.7}{Principe de Pauli en action}{section.3.1}% 71
\BOOKMARK [2][-]{subsection.3.1.8}{R\351pulsion de Coulomb et naissance de termes}{section.3.1}% 72
\BOOKMARK [2][-]{subsection.3.1.9}{Raies spectrales singulet et triplet}{section.3.1}% 73
\BOOKMARK [2][-]{subsection.3.1.10}{\311tats doublement excit\351s au-dessus de la limite d'ionisation}{section.3.1}% 74
\BOOKMARK [2][-]{subsection.3.1.11}{R\351sonancesde Madden and Colding \(1963\)}{section.3.1}% 75
\BOOKMARK [2][-]{subsection.3.1.12}{Structures fines : r\350gle de Land\351}{section.3.1}% 76
\BOOKMARK [2][-]{subsection.3.1.13}{R\351solution de l'\351quation de Schr\366dinger}{section.3.1}% 77
\BOOKMARK [1][-]{section.3.2}{Syst\350mes complexes et tableau p\351riodique}{chapter.3}% 78
