\BOOKMARK [-1][-]{part.1}{I Partie S-P. Gorza}{}% 1
\BOOKMARK [0][-]{chapter.1}{Introduction}{part.1}% 2
\BOOKMARK [1][-]{section.1.1}{Principe des lasers}{chapter.1}% 3
\BOOKMARK [1][-]{section.1.2}{Caract\351ristiques des sources lasers}{chapter.1}% 4
\BOOKMARK [2][-]{subsection.1.2.1}{Coh\351rence temporelle}{section.1.2}% 5
\BOOKMARK [2][-]{subsection.1.2.2}{Coh\351rence spatiale}{section.1.2}% 6
\BOOKMARK [0][-]{chapter.2}{Interactions lumi\350re-mati\350re}{part.1}% 7
\BOOKMARK [1][-]{section.2.1}{Propagation d'onde EM dans un milieu di\351lectrique}{chapter.2}% 8
\BOOKMARK [2][-]{subsection.2.1.1}{Approche "particulaire"}{section.2.1}% 9
\BOOKMARK [2][-]{subsection.2.1.2}{Mod\350le de l'oscillateur harmonique}{section.2.1}% 10
\BOOKMARK [1][-]{section.2.2}{Particule de lumi\350re}{chapter.2}% 11
\BOOKMARK [2][-]{subsection.2.2.1}{\311quations de Maxwell : onde \351lectromagn\351tique}{section.2.2}% 12
\BOOKMARK [2][-]{subsection.2.2.2}{Lumi\350re : un ensemble de photons}{section.2.2}% 13
\BOOKMARK [2][-]{subsection.2.2.3}{Description simplifi\351e de la quantification des champs EM}{section.2.2}% 14
\BOOKMARK [2][-]{subsection.2.2.4}{Flux de photon J et densit\351 np}{section.2.2}% 15
\BOOKMARK [1][-]{section.2.3}{Cavit\351 radiative}{chapter.2}% 16
\BOOKMARK [2][-]{subsection.2.3.1}{Spectre de la cavit\351 radiative}{section.2.3}% 17
\BOOKMARK [1][-]{section.2.4}{Interactions dans un milieu \340 deux niveaux atomiques}{chapter.2}% 18
\BOOKMARK [2][-]{subsection.2.4.1}{Coefficients d'Einstein}{section.2.4}% 19
\BOOKMARK [2][-]{subsection.2.4.2}{Lien avec le temps de vie spontan\351}{section.2.4}% 20
\BOOKMARK [2][-]{subsection.2.4.3}{Gain optique et forme de raie}{section.2.4}% 21
\BOOKMARK [2][-]{subsection.2.4.4}{Fonction forme de raie et m\351canismes d'\351largissement}{section.2.4}% 22
\BOOKMARK [0][-]{chapter.3}{Th\351orie semi-classique des laser}{part.1}% 23
\BOOKMARK [1][-]{section.3.1}{\311quations de Maxwell-Bloch du laser}{chapter.3}% 24
\BOOKMARK [2][-]{subsection.3.1.1}{\311quations du champ \351lectromagn\351tique dans la cavit\351}{section.3.1}% 25
\BOOKMARK [2][-]{subsection.3.1.2}{\311quation de Bloch du milieu}{section.3.1}% 26
\BOOKMARK [1][-]{section.3.2}{\311tat stationnaire d'un laser}{chapter.3}% 27
\BOOKMARK [2][-]{subsection.3.2.1}{Intensit\351 laser et inversion de population}{section.3.2}% 28
\BOOKMARK [2][-]{subsection.3.2.2}{Susceptibilit\351 \351lectrique et gain}{section.3.2}% 29
\BOOKMARK [2][-]{subsection.3.2.3}{Fr\351quence du champ laser}{section.3.2}% 30
\BOOKMARK [0][-]{chapter.4}{\311quations de bilan du laser et du m\351canisme de pompe}{part.1}% 31
\BOOKMARK [1][-]{section.4.1}{\311quation de bilan du laser et \351quations de Maxwell-Bloch}{chapter.4}% 32
\BOOKMARK [1][-]{section.4.2}{Syst\350mes \340 deux niveaux}{chapter.4}% 33
\BOOKMARK [1][-]{section.4.3}{Laser \340 trois niveaux d'\351nergie}{chapter.4}% 34
\BOOKMARK [1][-]{section.4.4}{Laser \340 quatre niveaux d'\351nergie}{chapter.4}% 35
\BOOKMARK [1][-]{section.4.5}{Rendement laser}{chapter.4}% 36
\BOOKMARK [0][-]{chapter.5}{Diodes lasers \340 semi-conducteurs}{part.1}% 37
\BOOKMARK [1][-]{section.5.1}{Propri\351t\351s \351lectroniques des semi-conducteurs}{chapter.5}% 38
\BOOKMARK [2][-]{subsection.5.1.1}{Mod\350le de l'\351lectron libre}{section.5.1}% 39
\BOOKMARK [2][-]{subsection.5.1.2}{Mod\350le de l'\351lectron quasi-libre}{section.5.1}% 40
\BOOKMARK [2][-]{subsection.5.1.3}{Densit\351 \351lectronique d'\351tats e}{section.5.1}% 41
\BOOKMARK [2][-]{subsection.5.1.4}{Probabilit\351 d'occupation et densit\351 de porteurs}{section.5.1}% 42
\BOOKMARK [1][-]{section.5.2}{Transitions radiatives \351lectroniques}{chapter.5}% 43
\BOOKMARK [2][-]{subsection.5.2.1}{Taux d'absorption et de transmission \(semi-conducteurs \340 gap direct\)}{section.5.2}% 44
\BOOKMARK [2][-]{subsection.5.2.2}{Absorption dans les semi-conducteurs \340 gap direct}{section.5.2}% 45
\BOOKMARK [2][-]{subsection.5.2.3}{Saturation de l'absorption}{section.5.2}% 46
\BOOKMARK [2][-]{subsection.5.2.4}{Gain optique}{section.5.2}% 47
\BOOKMARK [1][-]{section.5.3}{Transition \351lectroniques non radiatives}{chapter.5}% 48
\BOOKMARK [2][-]{subsection.5.3.1}{Recombinaisons en surface et par d\351fauts}{section.5.3}% 49
\BOOKMARK [2][-]{subsection.5.3.2}{Recombinaisons d'Auger}{section.5.3}% 50
\BOOKMARK [1][-]{section.5.4}{Mat\351riaux et structures pour les diodes lasers}{chapter.5}% 51
\BOOKMARK [2][-]{subsection.5.4.1}{Taux de recombinaison total}{section.5.4}% 52
\BOOKMARK [2][-]{subsection.5.4.2}{Longueur d'onde d'\351mission}{section.5.4}% 53
\BOOKMARK [2][-]{subsection.5.4.3}{Structures des diodes laser}{section.5.4}% 54
\BOOKMARK [1][-]{section.5.5}{Mod\350le simple des lasers \340 semi-conducteurs}{chapter.5}% 55
\BOOKMARK [2][-]{subsection.5.5.1}{\311quation de bilan d'une diode laser}{section.5.5}% 56
\BOOKMARK [2][-]{subsection.5.5.2}{Puissance laser et rendement}{section.5.5}% 57
\BOOKMARK [2][-]{subsection.5.5.3}{Propri\351t\351s spectrales des diodes lasers}{section.5.5}% 58
