\BOOKMARK [-1][-]{part.1}{I Rappels d'\351lectricit\351}{}% 1
\BOOKMARK [0][-]{chapter.1}{Introduction g\351n\351rale}{part.1}% 2
\BOOKMARK [1][-]{section.1.1}{L'\351lectronique, c'est quoi ?}{chapter.1}% 3
\BOOKMARK [1][-]{section.1.2}{Une vision plus large}{chapter.1}% 4
\BOOKMARK [2][-]{subsection.1.2.1}{Comme ing\351nieur, votre job est de "contr\364ler" les choses}{section.1.2}% 5
\BOOKMARK [2][-]{subsection.1.2.2}{Syst\350me embarqu\351}{section.1.2}% 6
\BOOKMARK [1][-]{section.1.3}{Un peu plus d'\351lectronique}{chapter.1}% 7
\BOOKMARK [0][-]{chapter.2}{Vademecum d'\351lectricit\351}{part.1}% 8
\BOOKMARK [1][-]{section.2.1}{Notions fondamentales}{chapter.2}% 9
\BOOKMARK [2][-]{subsection.2.1.1}{Sch\351mas}{section.2.1}% 10
\BOOKMARK [2][-]{subsection.2.1.2}{Les \351l\351ments : dip\364les et quadrip\364les}{section.2.1}% 11
\BOOKMARK [2][-]{subsection.2.1.3}{Courant}{section.2.1}% 12
\BOOKMARK [2][-]{subsection.2.1.4}{Tension\(s\)}{section.2.1}% 13
\BOOKMARK [2][-]{subsection.2.1.5}{Puissane instantan\351e, conventions et passivit\351}{section.2.1}% 14
\BOOKMARK [2][-]{subsection.2.1.6}{Conventions r\351cepteurs et g\351n\351rateur}{section.2.1}% 15
\BOOKMARK [2][-]{subsection.2.1.7}{Crit\350re de passivit\351}{section.2.1}% 16
\BOOKMARK [1][-]{section.2.2}{Comportement externe : loi et caract\351ristique d'un dip\364le}{chapter.2}% 17
\BOOKMARK [2][-]{subsection.2.2.1}{Dip\364le}{section.2.2}% 18
\BOOKMARK [2][-]{subsection.2.2.2}{Charges id\351ales : trois effets physiques}{section.2.2}% 19
\BOOKMARK [2][-]{subsection.2.2.2}{Capacit\351}{section.2.2}% 20
\BOOKMARK [2][-]{subsection.2.2.3}{Court-circuit et circuit ouvert}{section.2.2}% 21
\BOOKMARK [1][-]{section.2.3}{Circuits \351quivalents et th\351or\350mes de Th\351venin/Norton}{chapter.2}% 22
\BOOKMARK [2][-]{subsection.2.3.1}{Th\351or\350mes de Th\351venin/Norton}{section.2.3}% 23
\BOOKMARK [2][-]{subsection.2.3.2}{Imp\351dance d'entr\351e, imp\351dance de sortie}{section.2.3}% 24
\BOOKMARK [2][-]{subsection.2.3.4}{Adaptation d'imp\351dance}{section.2.3}% 25
\BOOKMARK [2][-]{subsection.2.3.5}{Cas particulier des appareils de mesure}{section.2.3}% 26
\BOOKMARK [1][-]{section.2.4}{Composants r\351actifs et outils associ\351s}{chapter.2}% 27
\BOOKMARK [2][-]{subsection.2.4.1}{Analyse temporelle du circuit RC}{section.2.4}% 28
\BOOKMARK [2][-]{subsection.2.4.2}{Analyse temporelle du circuit RL}{section.2.4}% 29
\BOOKMARK [2][-]{subsection.2.4.3}{Analyse temporelle du circuit RL \(source sinuso\357dale\)}{section.2.4}% 30
\BOOKMARK [2][-]{subsection.2.4.4}{Circuit RLC avec pr\351charge}{section.2.4}% 31
\BOOKMARK [2][-]{subsection.2.4.5}{Fonctions de transfert}{section.2.4}% 32
\BOOKMARK [-1][-]{part.2}{II Aspects technologiques}{}% 33
\BOOKMARK [0][-]{chapter.3}{Welcome to the real world!}{part.2}% 34
\BOOKMARK [1][-]{section.3.1}{Signaux analogiques}{chapter.3}% 35
\BOOKMARK [2][-]{subsection.3.1.1}{Perturbations et imperfections}{section.3.1}% 36
\BOOKMARK [2][-]{subsection.3.1.2}{Rapport signal/bruit}{section.3.1}% 37
\BOOKMARK [2][-]{subsection.3.1.3}{Bruit}{section.3.1}% 38
\BOOKMARK [2][-]{subsection.3.1.4}{Dip\364les parasites}{section.3.1}% 39
\BOOKMARK [2][-]{subsection.3.1.5}{Couplages}{section.3.1}% 40
\BOOKMARK [2][-]{subsection.3.1.6}{Conclusion}{section.3.1}% 41
\BOOKMARK [1][-]{section.3.2}{R\351sistances}{chapter.3}% 42
\BOOKMARK [2][-]{subsection.3.2.1}{R\351sistances ordinaires}{section.3.2}% 43
\BOOKMARK [2][-]{subsection.3.2.2}{R\351sistances de puissance}{section.3.2}% 44
\BOOKMARK [2][-]{subsection.3.2.3}{Ajustables et potentiom\350tres}{section.3.2}% 45
\BOOKMARK [2][-]{subsection.3.2.4}{Autres types de r\351sistance}{section.3.2}% 46
\BOOKMARK [1][-]{section.3.3}{Condensateurs}{chapter.3}% 47
\BOOKMARK [2][-]{subsection.3.3.1}{Deux types de condensateurs}{section.3.3}% 48
\BOOKMARK [2][-]{subsection.3.3.2}{Condensateurs non polaris\351s}{section.3.3}% 49
\BOOKMARK [2][-]{subsection.3.3.3}{Condensateurs polaris\351s}{section.3.3}% 50
\BOOKMARK [2][-]{subsection.3.3.4}{Utilisations des condensateurs}{section.3.3}% 51
\BOOKMARK [2][-]{subsection.3.3.5}{Autres types de condensateurs}{section.3.3}% 52
\BOOKMARK [1][-]{section.3.4}{Autres composants}{chapter.3}% 53
\BOOKMARK [2][-]{subsection.3.4.1}{Relais}{section.3.4}% 54
\BOOKMARK [1][-]{section.3.5}{Circuits imprim\351s}{chapter.3}% 55
\BOOKMARK [1][-]{section.3.6}{Types de composants}{chapter.3}% 56
\BOOKMARK [-1][-]{part.3}{III \311lectronique analogique}{}% 57
\BOOKMARK [0][-]{chapter.4}{L'amplificateur op\351rationnel}{part.3}% 58
\BOOKMARK [1][-]{section.4.0}{Pourquoi amplifier}{chapter.4}% 59
\BOOKMARK [1][-]{section.4.1}{Ampli-op : propri\351t\351s de base}{chapter.4}% 60
\BOOKMARK [2][-]{subsection.4.1.1}{Qu'est ce qu'un ampli-op ?}{section.4.1}% 61
\BOOKMARK [2][-]{subsection.4.1.2}{Imp\351dances d'entr\351e et de sortie}{section.4.1}% 62
\BOOKMARK [2][-]{subsection.4.1.3}{Caract\351ristique de transfert et principe du z\351ro virtuel}{section.4.1}% 63
\BOOKMARK [1][-]{section.4.2}{Deux montages amplificateurs}{chapter.4}% 64
\BOOKMARK [2][-]{subsection.4.2.1}{Ampli non-inverseur}{section.4.2}% 65
\BOOKMARK [2][-]{subsection.4.2.2}{Ampli inverseur}{section.4.2}% 66
\BOOKMARK [2][-]{subsection.4.2.3}{Calcul rapide par le principe du z\351ro virtuel}{section.4.2}% 67
\BOOKMARK [2][-]{subsection.4.2.4}{Analyse de la r\351troaction}{section.4.2}% 68
\BOOKMARK [2][-]{subsection.4.2.5}{Compl\351ments sur la r\351troaction}{section.4.2}% 69
\BOOKMARK [1][-]{section.4.3}{Montages \340 ampli-op}{chapter.4}% 70
\BOOKMARK [1][-]{section.4.4}{Ampli-op : propri\351t\351s avanc\351es}{chapter.4}% 71
