\BOOKMARK [0][-]{chapter*.4}{Introduction}{}% 1
\BOOKMARK [0][-]{chapter.1}{Calcul tensoriel}{}% 2
\BOOKMARK [1][-]{section.1.1}{Notation indicielle}{chapter.1}% 3
\BOOKMARK [2][-]{subsection.1.1.1}{D\351finition et exemple}{section.1.1}% 4
\BOOKMARK [2][-]{subsection.1.1.2}{Rotation des axes}{section.1.1}% 5
\BOOKMARK [2][-]{subsection.1.1.3}{Le symbole de Kronecker}{section.1.1}% 6
\BOOKMARK [1][-]{section.1.2}{Op\351rateurs}{chapter.1}% 7
\BOOKMARK [1][-]{section.1.3}{Scalaire et vecteur}{chapter.1}% 8
\BOOKMARK [2][-]{subsection.1.3.1}{Scalaire}{section.1.3}% 9
\BOOKMARK [2][-]{subsection.1.3.2}{Vecteur}{section.1.3}% 10
\BOOKMARK [1][-]{section.1.4}{Tenseur du second ordre}{chapter.1}% 11
\BOOKMARK [2][-]{subsection.1.4.1}{D\351finition}{section.1.4}% 12
\BOOKMARK [2][-]{subsection.1.4.2}{Changement d'axes}{section.1.4}% 13
\BOOKMARK [1][-]{section.1.5}{Autre choses \340 savoir sur les tenseurs}{chapter.1}% 14
\BOOKMARK [2][-]{subsection.1.5.1}{Tenseur sym\351trique et antisym\351trique}{section.1.5}% 15
\BOOKMARK [2][-]{subsection.1.5.2}{Remarque concernant Pi}{section.1.5}% 16
\BOOKMARK [1][-]{section.1.6}{Th\351or\350mes de Gauss}{chapter.1}% 17
\BOOKMARK [2][-]{subsection.1.6.1}{Th\351or\350me de Gauss 3D}{section.1.6}% 18
\BOOKMARK [1][-]{section.1.7}{Notion de d\351bit}{chapter.1}% 19
\BOOKMARK [0][-]{chapter.2}{Les contraintes}{}% 20
\BOOKMARK [1][-]{section.2.1}{Tenseur des contraintes : d\351finition}{chapter.2}% 21
\BOOKMARK [2][-]{subsection.2.1.1}{D\351finition}{section.2.1}% 22
\BOOKMARK [2][-]{subsection.2.1.2}{La loi de Cauchy}{section.2.1}% 23
\BOOKMARK [2][-]{subsection.2.1.3}{Le tenseur des contraintes}{section.2.1}% 24
\BOOKMARK [1][-]{section.2.2}{La d\351riv\351e mat\351rielle}{chapter.2}% 25
\BOOKMARK [2][-]{subsection.2.2.1}{D\351finition}{section.2.2}% 26
\BOOKMARK [2][-]{subsection.2.2.2}{D\351riv\351e mat\351rielle d'une grandeur locale}{section.2.2}% 27
\BOOKMARK [2][-]{subsection.2.2.3}{D\351riv\351e mat\351rielle d'une int\351grale de volume}{section.2.2}% 28
\BOOKMARK [1][-]{section.2.3}{Les lois fondamentales}{chapter.2}% 29
\BOOKMARK [2][-]{subsection.2.3.1}{Conservation de la masse}{section.2.3}% 30
\BOOKMARK [2][-]{subsection.2.3.2}{Loi de la r\351sultance cin\351tique}{section.2.3}% 31
\BOOKMARK [2][-]{subsection.2.3.3}{Loi du moment cin\351tique}{section.2.3}% 32
\BOOKMARK [2][-]{subsection.2.3.4}{Th\351or\350me de Cauchy - Poisson}{section.2.3}% 33
\BOOKMARK [1][-]{section.2.4}{Valeurs principales et directions principales}{chapter.2}% 34
\BOOKMARK [2][-]{subsection.2.4.1}{Valeurs propres et directions principales}{section.2.4}% 35
\BOOKMARK [2][-]{subsection.2.4.2}{Propri\351t\351s du tenseur des contraintes}{section.2.4}% 36
\BOOKMARK [1][-]{section.2.5}{Changement d'axes : cercle de Mohr}{chapter.2}% 37
\BOOKMARK [2][-]{subsection.2.5.1}{Construction du cercle de Mohr}{section.2.5}% 38
\BOOKMARK [0][-]{chapter.3}{Cin\351matique des milieux continus}{}% 39
\BOOKMARK [1][-]{section.3.1}{Les vitesses de d\351formation}{chapter.3}% 40
\BOOKMARK [2][-]{subsection.3.1.1}{Vitesse de rotation}{section.3.1}% 41
\BOOKMARK [2][-]{subsection.3.1.2}{Tenseur des vitesses de d\351formation}{section.3.1}% 42
\BOOKMARK [1][-]{section.3.2}{Les d\351formations}{chapter.3}% 43
\BOOKMARK [2][-]{subsection.3.2.1}{Tenseur des d\351formations de Green}{section.3.2}% 44
\BOOKMARK [2][-]{subsection.3.2.2}{Tenseur des d\351formations \351vanouissantes}{section.3.2}% 45
\BOOKMARK [0][-]{chapter.4}{Les lois universelles des milieux continus}{}% 46
\BOOKMARK [1][-]{section.4.1}{Conservation de la masse}{chapter.4}% 47
\BOOKMARK [2][-]{subsection.4.1.1}{Forme locale et int\351grale de l'\351quation de continuit\351}{section.4.1}% 48
\BOOKMARK [2][-]{subsection.4.1.2}{Autre forme locale de l'\351quation de continuit\351}{section.4.1}% 49
\BOOKMARK [2][-]{subsection.4.1.3}{Cas particuliers}{section.4.1}% 50
\BOOKMARK [2][-]{subsection.4.1.4}{Conclusion}{section.4.1}% 51
\BOOKMARK [1][-]{section.4.2}{Loi de la r\351sultante cin\351tique}{chapter.4}% 52
\BOOKMARK [2][-]{subsection.4.2.1}{Calcul de l'action exerc\351e par un fluide sur un obstacle}{section.4.2}% 53
\BOOKMARK [1][-]{section.4.3}{Loi du moment cin\351tique}{chapter.4}% 54
\BOOKMARK [1][-]{section.4.4}{Th\351or\350me de l'\351nergie cin\351tique}{chapter.4}% 55
\BOOKMARK [0][-]{chapter.5}{Lois de comportement}{}% 56
\BOOKMARK [1][-]{section.5.1}{Pourquoi en a-t-on besoin?}{chapter.5}% 57
\BOOKMARK [1][-]{section.5.2}{Les fluides : les fluides parfaits et les fluides visqueux newtoniens}{chapter.5}% 58
\BOOKMARK [2][-]{subsection.5.2.1}{Le fluide parfait}{section.5.2}% 59
\BOOKMARK [2][-]{subsection.5.2.2}{Le fluide visqueux newtonien}{section.5.2}% 60
\BOOKMARK [1][-]{section.5.3}{Les solides : \351lasticit\351 lin\351aire}{chapter.5}% 61
\BOOKMARK [2][-]{subsection.5.3.1}{Loi de Hooke}{section.5.3}% 62
\BOOKMARK [0][-]{chapter.6}{Th\351or\350mes des travaux virtuels}{}% 63
\BOOKMARK [1][-]{section.6.1}{Pourquoi les traveaux virtuels ?}{chapter.6}% 64
\BOOKMARK [2][-]{subsection.6.1.1}{Probl\350me \340 r\351soudre}{section.6.1}% 65
\BOOKMARK [2][-]{subsection.6.1.2}{Equations \340 r\351soudre}{section.6.1}% 66
\BOOKMARK [1][-]{section.6.2}{Travail virtuel}{chapter.6}% 67
\BOOKMARK [2][-]{subsection.6.2.1}{Travail virtuel des forces ext\351rieurs}{section.6.2}% 68
\BOOKMARK [2][-]{subsection.6.2.2}{Calculs pr\351liminares}{section.6.2}% 69
\BOOKMARK [1][-]{section.6.3}{Th\351or\350me}{chapter.6}% 70
\BOOKMARK [2][-]{subsection.6.3.1}{Le th\351or\350me direct}{section.6.3}% 71
\BOOKMARK [2][-]{subsection.6.3.2}{Le th\351or\350me r\351ciproque}{section.6.3}% 72
\BOOKMARK [0][-]{chapter.7}{Statique des fluides}{}% 73
\BOOKMARK [1][-]{section.7.1}{\311quations g\351n\351rales}{chapter.7}% 74
\BOOKMARK [2][-]{subsection.7.1.1}{Force massique}{section.7.1}% 75
\BOOKMARK [2][-]{subsection.7.1.2}{Force d\351rivant d'un potentiel}{section.7.1}% 76
\BOOKMARK [2][-]{subsection.7.1.3}{D\351finition de la fonction P}{section.7.1}% 77
\BOOKMARK [1][-]{section.7.2}{Principe d'Archim\350de}{chapter.7}% 78
\BOOKMARK [2][-]{subsection.7.2.1}{\311nonc\351}{section.7.2}% 79
\BOOKMARK [1][-]{section.7.3}{\311quilibre des fluides incompressibles}{chapter.7}% 80
\BOOKMARK [2][-]{subsection.7.3.1}{Fluides homog\350nes}{section.7.3}% 81
\BOOKMARK [2][-]{subsection.7.3.2}{Le principe de Pascal}{section.7.3}% 82
\BOOKMARK [0][-]{chapter.8}{Equations g\351n\351rales de cin\351matique des fluides}{}% 83
\BOOKMARK [1][-]{section.8.1}{Le tourbillon}{chapter.8}% 84
\BOOKMARK [2][-]{subsection.8.1.1}{Tube de tourbillon}{section.8.1}% 85
\BOOKMARK [0][-]{chapter.9}{Dynamique des fluides parfaits}{}% 86
\BOOKMARK [1][-]{section.9.1}{Introduction}{chapter.9}% 87
\BOOKMARK [1][-]{section.9.2}{\311quation du mouvement}{chapter.9}% 88
\BOOKMARK [2][-]{subsection.9.2.1}{\311quations d'Euler}{section.9.2}% 89
\BOOKMARK [2][-]{subsection.9.2.2}{La pression motrice}{section.9.2}% 90
\BOOKMARK [2][-]{subsection.9.2.3}{\311quations de Lamb}{section.9.2}% 91
\BOOKMARK [2][-]{subsection.9.2.4}{Energie sp\351cifique totale - charge}{section.9.2}% 92
\BOOKMARK [1][-]{section.9.3}{Ecoulement permanant d'un fluide parfait}{chapter.9}% 93
\BOOKMARK [2][-]{subsection.9.3.1}{Th\351or\350me de Bernouilli 1}{section.9.3}% 94
\BOOKMARK [2][-]{subsection.9.3.2}{Th\351or\350me de Bernouilli 2}{section.9.3}% 95
\BOOKMARK [0][-]{chapter.10}{Dynamique des fluides visqueux}{}% 96
\BOOKMARK [1][-]{section.10.1}{Introduction}{chapter.10}% 97
\BOOKMARK [2][-]{subsection.10.1.1}{Interpr\351tation physique}{section.10.1}% 98
\BOOKMARK [2][-]{subsection.10.1.2}{Unit\351s}{section.10.1}% 99
\BOOKMARK [1][-]{section.10.2}{Equation de mouvement}{chapter.10}% 100
\BOOKMARK [2][-]{subsection.10.2.1}{Equation de Navier-Stokes}{section.10.2}% 101
\BOOKMARK [2][-]{subsection.10.2.2}{Pression motrice}{section.10.2}% 102
\BOOKMARK [2][-]{subsection.10.2.3}{Conditions aux limites}{section.10.2}% 103
\BOOKMARK [1][-]{section.10.3}{Mouvement turbulent}{chapter.10}% 104
\BOOKMARK [2][-]{subsection.10.3.1}{Nombre de Reynolds}{section.10.3}% 105
\BOOKMARK [2][-]{subsection.10.3.2}{Contrainte de turbulence}{section.10.3}% 106
\BOOKMARK [2][-]{subsection.10.3.3}{Equations de Navier-Stokes moyenn\351es}{section.10.3}% 107
\BOOKMARK [1][-]{section.10.4}{Les th\351or\350mes de Bernouilli}{chapter.10}% 108
\BOOKMARK [0][-]{appendix.A}{Rappels th\351oriques}{}% 109
